[DEBUG] 2022-06-23 20:35:43,684 | /home/abah/frappe-bench/apps/frappe/frappe/utils/scheduler.py:
Site: abah.com
Queued events for site abah.com
[DEBUG] 2022-06-23 20:36:43,883 | /home/abah/frappe-bench/apps/frappe/frappe/utils/scheduler.py:
Site: abah.com
Queued events for site abah.com
[DEBUG] 2022-06-23 20:37:44,038 | /home/abah/frappe-bench/apps/frappe/frappe/utils/scheduler.py:
Site: abah.com
Queued events for site abah.com
[DEBUG] 2022-06-23 20:38:44,151 | /home/abah/frappe-bench/apps/frappe/frappe/utils/scheduler.py:
Site: abah.com
Queued events for site abah.com
[DEBUG] 2022-06-23 20:39:44,305 | /home/abah/frappe-bench/apps/frappe/frappe/utils/scheduler.py:
Site: abah.com
Queued events for site abah.com
[DEBUG] 2022-06-23 20:40:44,475 | /home/abah/frappe-bench/apps/frappe/frappe/utils/scheduler.py:
Site: abah.com
Queued events for site abah.com
[DEBUG] 2022-06-23 20:41:44,640 | /home/abah/frappe-bench/apps/frappe/frappe/utils/scheduler.py:
Site: abah.com
Queued events for site abah.com
[DEBUG] 2022-06-23 20:42:44,889 | /home/abah/frappe-bench/apps/frappe/frappe/utils/scheduler.py:
Site: abah.com
Queued events for site abah.com
[DEBUG] 2022-06-23 20:43:45,102 | /home/abah/frappe-bench/apps/frappe/frappe/utils/scheduler.py:
Site: abah.com
Queued events for site abah.com
[DEBUG] 2022-06-23 20:44:45,369 | /home/abah/frappe-bench/apps/frappe/frappe/utils/scheduler.py:
Site: abah.com
Queued events for site abah.com
[DEBUG] 2022-06-23 20:45:45,638 | /home/abah/frappe-bench/apps/frappe/frappe/utils/scheduler.py:
Site: abah.com
Queued events for site abah.com
[DEBUG] 2022-06-23 20:46:45,885 | /home/abah/frappe-bench/apps/frappe/frappe/utils/scheduler.py:
Site: abah.com
Queued events for site abah.com
[DEBUG] 2022-06-23 20:47:46,158 | /home/abah/frappe-bench/apps/frappe/frappe/utils/scheduler.py:
Site: abah.com
Queued events for site abah.com
[DEBUG] 2022-06-23 20:48:46,348 | /home/abah/frappe-bench/apps/frappe/frappe/utils/scheduler.py:
Site: abah.com
Queued events for site abah.com
[DEBUG] 2022-06-23 20:49:46,548 | /home/abah/frappe-bench/apps/frappe/frappe/utils/scheduler.py:
Site: abah.com
Queued events for site abah.com
[DEBUG] 2022-06-23 20:50:46,710 | /home/abah/frappe-bench/apps/frappe/frappe/utils/scheduler.py:
Site: abah.com
Queued events for site abah.com
[DEBUG] 2022-06-23 20:51:46,901 | /home/abah/frappe-bench/apps/frappe/frappe/utils/scheduler.py:
Site: abah.com
Queued events for site abah.com
[DEBUG] 2022-06-23 20:52:47,076 | /home/abah/frappe-bench/apps/frappe/frappe/utils/scheduler.py:
Site: abah.com
Queued events for site abah.com
[DEBUG] 2022-06-23 20:53:47,277 | /home/abah/frappe-bench/apps/frappe/frappe/utils/scheduler.py:
Site: abah.com
Queued events for site abah.com
[DEBUG] 2022-06-23 20:54:47,430 | /home/abah/frappe-bench/apps/frappe/frappe/utils/scheduler.py:
Site: abah.com
Queued events for site abah.com
[DEBUG] 2022-06-23 20:55:47,595 | /home/abah/frappe-bench/apps/frappe/frappe/utils/scheduler.py:
Site: abah.com
Queued events for site abah.com
[DEBUG] 2022-06-23 20:56:47,794 | /home/abah/frappe-bench/apps/frappe/frappe/utils/scheduler.py:
Site: abah.com
Queued events for site abah.com
[DEBUG] 2022-06-23 20:57:47,981 | /home/abah/frappe-bench/apps/frappe/frappe/utils/scheduler.py:
Site: abah.com
Queued events for site abah.com
[DEBUG] 2022-06-23 20:58:48,149 | /home/abah/frappe-bench/apps/frappe/frappe/utils/scheduler.py:
Site: abah.com
Queued events for site abah.com
[DEBUG] 2022-06-23 20:59:48,378 | /home/abah/frappe-bench/apps/frappe/frappe/utils/scheduler.py:
Site: abah.com
Queued events for site abah.com
[DEBUG] 2022-06-23 21:00:48,617 | /home/abah/frappe-bench/apps/frappe/frappe/utils/scheduler.py:
Site: abah.com
Queued events for site abah.com
[DEBUG] 2022-06-23 21:01:48,873 | /home/abah/frappe-bench/apps/frappe/frappe/utils/scheduler.py:
Site: abah.com
Queued events for site abah.com
[DEBUG] 2022-06-23 21:02:49,121 | /home/abah/frappe-bench/apps/frappe/frappe/utils/scheduler.py:
Site: abah.com
Queued events for site abah.com
[DEBUG] 2022-06-23 21:03:49,287 | /home/abah/frappe-bench/apps/frappe/frappe/utils/scheduler.py:
Site: abah.com
Queued events for site abah.com
[DEBUG] 2022-06-23 21:04:49,490 | /home/abah/frappe-bench/apps/frappe/frappe/utils/scheduler.py:
Site: abah.com
Queued events for site abah.com
[DEBUG] 2022-06-23 21:05:49,659 | /home/abah/frappe-bench/apps/frappe/frappe/utils/scheduler.py:
Site: abah.com
Queued events for site abah.com
[DEBUG] 2022-06-23 21:06:49,793 | /home/abah/frappe-bench/apps/frappe/frappe/utils/scheduler.py:
Site: abah.com
Queued events for site abah.com
[DEBUG] 2022-06-23 21:07:49,933 | /home/abah/frappe-bench/apps/frappe/frappe/utils/scheduler.py:
Site: abah.com
Queued events for site abah.com
[DEBUG] 2022-06-23 21:08:50,099 | /home/abah/frappe-bench/apps/frappe/frappe/utils/scheduler.py:
Site: abah.com
Queued events for site abah.com
[DEBUG] 2022-06-23 21:09:50,283 | /home/abah/frappe-bench/apps/frappe/frappe/utils/scheduler.py:
Site: abah.com
Queued events for site abah.com
[DEBUG] 2022-06-23 21:10:50,515 | /home/abah/frappe-bench/apps/frappe/frappe/utils/scheduler.py:
Site: abah.com
Queued events for site abah.com
[DEBUG] 2022-06-23 21:11:50,693 | /home/abah/frappe-bench/apps/frappe/frappe/utils/scheduler.py:
Site: abah.com
Queued events for site abah.com
[DEBUG] 2022-06-23 21:12:50,897 | /home/abah/frappe-bench/apps/frappe/frappe/utils/scheduler.py:
Site: abah.com
Queued events for site abah.com
[DEBUG] 2022-06-23 21:13:51,143 | /home/abah/frappe-bench/apps/frappe/frappe/utils/scheduler.py:
Site: abah.com
Queued events for site abah.com
[DEBUG] 2022-06-23 21:14:51,389 | /home/abah/frappe-bench/apps/frappe/frappe/utils/scheduler.py:
Site: abah.com
Queued events for site abah.com
[DEBUG] 2022-06-23 21:15:51,593 | /home/abah/frappe-bench/apps/frappe/frappe/utils/scheduler.py:
Site: abah.com
Queued events for site abah.com
[DEBUG] 2022-06-23 21:16:51,781 | /home/abah/frappe-bench/apps/frappe/frappe/utils/scheduler.py:
Site: abah.com
Queued events for site abah.com
[DEBUG] 2022-06-23 21:17:51,938 | /home/abah/frappe-bench/apps/frappe/frappe/utils/scheduler.py:
Site: abah.com
Queued events for site abah.com
[DEBUG] 2022-06-23 21:18:52,102 | /home/abah/frappe-bench/apps/frappe/frappe/utils/scheduler.py:
Site: abah.com
Queued events for site abah.com
[DEBUG] 2022-06-23 21:19:52,258 | /home/abah/frappe-bench/apps/frappe/frappe/utils/scheduler.py:
Site: abah.com
Queued events for site abah.com
[DEBUG] 2022-06-23 21:20:52,442 | /home/abah/frappe-bench/apps/frappe/frappe/utils/scheduler.py:
Site: abah.com
Queued events for site abah.com
[DEBUG] 2022-06-23 21:21:52,612 | /home/abah/frappe-bench/apps/frappe/frappe/utils/scheduler.py:
Site: abah.com
Queued events for site abah.com
[DEBUG] 2022-06-23 21:22:52,725 | /home/abah/frappe-bench/apps/frappe/frappe/utils/scheduler.py:
Site: abah.com
Queued events for site abah.com
[DEBUG] 2022-06-23 21:23:52,867 | /home/abah/frappe-bench/apps/frappe/frappe/utils/scheduler.py:
Site: abah.com
Queued events for site abah.com
[DEBUG] 2022-06-23 21:24:53,066 | /home/abah/frappe-bench/apps/frappe/frappe/utils/scheduler.py:
Site: abah.com
Queued events for site abah.com
[DEBUG] 2022-06-23 21:25:53,255 | /home/abah/frappe-bench/apps/frappe/frappe/utils/scheduler.py:
Site: abah.com
Queued events for site abah.com
[DEBUG] 2022-06-23 21:26:53,399 | /home/abah/frappe-bench/apps/frappe/frappe/utils/scheduler.py:
Site: abah.com
Queued events for site abah.com
[ERROR] 2022-06-27 10:29:56,866 | /home/abah/frappe-bench/apps/frappe/frappe/app.py:
Site: abah.com
Form Dict: {
 "cmd": "login",
 "device": "desktop",
 "pwd": "Abah",
 "usr": "Administrator"
}
Request Error
Traceback (most recent call last):
  File "/home/abah/frappe-bench/apps/frappe/frappe/app.py", line 54, in application
    init_request(request)
  File "/home/abah/frappe-bench/apps/frappe/frappe/app.py", line 125, in init_request
    frappe.local.http_request = frappe.auth.HTTPRequest()
  File "/home/abah/frappe-bench/apps/frappe/frappe/auth.py", line 34, in __init__
    self.set_session()
  File "/home/abah/frappe-bench/apps/frappe/frappe/auth.py", line 71, in set_session
    frappe.local.login_manager = LoginManager()
  File "/home/abah/frappe-bench/apps/frappe/frappe/auth.py", line 120, in __init__
    self.run_trigger('on_session_creation')
  File "/home/abah/frappe-bench/apps/frappe/frappe/auth.py", line 296, in run_trigger
    frappe.call(frappe.get_attr(method), login_manager=self)
  File "/home/abah/frappe-bench/apps/frappe/frappe/__init__.py", line 1105, in call
    return fn(*args, **newargs)
  File "/home/abah/frappe-bench/apps/frappe/frappe/core/doctype/activity_log/feed.py", line 52, in login_feed
    add_authentication_log(subject, login_manager.user)
  File "/home/abah/frappe-bench/apps/frappe/frappe/core/doctype/activity_log/activity_log.py", line 38, in add_authentication_log
    frappe.get_doc({
  File "/home/abah/frappe-bench/apps/frappe/frappe/model/document.py", line 260, in insert
    self.run_post_save_methods()
  File "/home/abah/frappe-bench/apps/frappe/frappe/model/document.py", line 954, in run_post_save_methods
    self.save_version()
  File "/home/abah/frappe-bench/apps/frappe/frappe/model/document.py", line 1045, in save_version
    version.insert(ignore_permissions=True)
  File "/home/abah/frappe-bench/apps/frappe/frappe/model/document.py", line 260, in insert
    self.run_post_save_methods()
  File "/home/abah/frappe-bench/apps/frappe/frappe/model/document.py", line 956, in run_post_save_methods
    self.run_method('on_change')
  File "/home/abah/frappe-bench/apps/frappe/frappe/model/document.py", line 806, in run_method
    out = Document.hook(fn)(self, *args, **kwargs)
  File "/home/abah/frappe-bench/apps/frappe/frappe/model/document.py", line 1085, in composer
    return composed(self, method, *args, **kwargs)
  File "/home/abah/frappe-bench/apps/frappe/frappe/model/document.py", line 1070, in runner
    add_to_return_value(self, f(self, method, *args, **kwargs))
  File "/home/abah/frappe-bench/apps/frappe/frappe/social/doctype/energy_point_rule/energy_point_rule.py", line 92, in process_energy_points
    if not is_energy_point_enabled():
  File "/home/abah/frappe-bench/apps/frappe/frappe/social/doctype/energy_point_settings/energy_point_settings.py", line 15, in is_energy_point_enabled
    return frappe.db.get_single_value('Energy Point Settings', 'enabled', True)
  File "/home/abah/frappe-bench/apps/frappe/frappe/database/database.py", line 563, in get_single_value
    df = frappe.get_meta(doctype).get_field(fieldname)
  File "/home/abah/frappe-bench/apps/frappe/frappe/__init__.py", line 820, in get_meta
    return frappe.model.meta.get_meta(doctype, cached=cached)
  File "/home/abah/frappe-bench/apps/frappe/frappe/model/meta.py", line 37, in get_meta
    meta = Meta(doctype)
  File "/home/abah/frappe-bench/apps/frappe/frappe/model/meta.py", line 84, in __init__
    self.process()
  File "/home/abah/frappe-bench/apps/frappe/frappe/model/meta.py", line 102, in process
    self.apply_property_setters()
  File "/home/abah/frappe-bench/apps/frappe/frappe/model/meta.py", line 300, in apply_property_setters
    if not frappe.db.table_exists('Property Setter'):
  File "/home/abah/frappe-bench/apps/frappe/frappe/database/database.py", line 777, in table_exists
    return ("tab" + doctype) in self.get_tables()
  File "/home/abah/frappe-bench/apps/frappe/frappe/database/database.py", line 780, in get_tables
    return [d[0] for d in self.sql("select table_name from information_schema.tables where table_schema not in ('pg_catalog', 'information_schema')")]
  File "/home/abah/frappe-bench/apps/frappe/frappe/database/database.py", line 171, in sql
    self._cursor.execute(query)
  File "/home/abah/frappe-bench/env/lib/python3.8/site-packages/pymysql/cursors.py", line 170, in execute
    result = self._query(query)
  File "/home/abah/frappe-bench/env/lib/python3.8/site-packages/pymysql/cursors.py", line 328, in _query
    conn.query(q)
  File "/home/abah/frappe-bench/env/lib/python3.8/site-packages/pymysql/connections.py", line 517, in query
    self._affected_rows = self._read_query_result(unbuffered=unbuffered)
  File "/home/abah/frappe-bench/env/lib/python3.8/site-packages/pymysql/connections.py", line 732, in _read_query_result
    result.read()
  File "/home/abah/frappe-bench/env/lib/python3.8/site-packages/pymysql/connections.py", line 1075, in read
    first_packet = self.connection._read_packet()
  File "/home/abah/frappe-bench/env/lib/python3.8/site-packages/pymysql/connections.py", line 684, in _read_packet
    packet.check_error()
  File "/home/abah/frappe-bench/env/lib/python3.8/site-packages/pymysql/protocol.py", line 220, in check_error
    err.raise_mysql_exception(self._data)
  File "/home/abah/frappe-bench/env/lib/python3.8/site-packages/pymysql/err.py", line 109, in raise_mysql_exception
    raise errorclass(errno, errval)
pymysql.err.InternalError: (1053, 'Server shutdown in progress')
[ERROR] 2022-06-27 10:29:56,976 | /home/abah/frappe-bench/apps/frappe/frappe/utils/error.py:
New Exception collected with id: 2022-06-27 10:29:56.867382-127.0.0.1-901
[DEBUG] 2022-06-27 10:30:09,005 | /home/abah/frappe-bench/apps/frappe/frappe/utils/scheduler.py:
Site: abah.com
Queued events for site abah.com
[DEBUG] 2022-06-27 10:31:09,161 | /home/abah/frappe-bench/apps/frappe/frappe/utils/scheduler.py:
Site: abah.com
Queued events for site abah.com
[DEBUG] 2022-06-27 10:32:09,457 | /home/abah/frappe-bench/apps/frappe/frappe/utils/scheduler.py:
Site: abah.com
Queued events for site abah.com
[DEBUG] 2022-06-27 10:33:09,688 | /home/abah/frappe-bench/apps/frappe/frappe/utils/scheduler.py:
Site: abah.com
Queued events for site abah.com
[DEBUG] 2022-06-27 10:34:09,979 | /home/abah/frappe-bench/apps/frappe/frappe/utils/scheduler.py:
Site: abah.com
Queued events for site abah.com
[DEBUG] 2022-06-27 10:35:10,231 | /home/abah/frappe-bench/apps/frappe/frappe/utils/scheduler.py:
Site: abah.com
Queued events for site abah.com
[DEBUG] 2022-06-27 10:36:10,489 | /home/abah/frappe-bench/apps/frappe/frappe/utils/scheduler.py:
Site: abah.com
Queued events for site abah.com
[DEBUG] 2022-06-27 10:37:10,779 | /home/abah/frappe-bench/apps/frappe/frappe/utils/scheduler.py:
Site: abah.com
Queued events for site abah.com
[DEBUG] 2022-06-27 10:38:11,010 | /home/abah/frappe-bench/apps/frappe/frappe/utils/scheduler.py:
Site: abah.com
Queued events for site abah.com
[DEBUG] 2022-06-27 10:39:11,276 | /home/abah/frappe-bench/apps/frappe/frappe/utils/scheduler.py:
Site: abah.com
Queued events for site abah.com
[DEBUG] 2022-06-27 10:40:11,510 | /home/abah/frappe-bench/apps/frappe/frappe/utils/scheduler.py:
Site: abah.com
Queued events for site abah.com
[DEBUG] 2022-06-27 10:41:11,728 | /home/abah/frappe-bench/apps/frappe/frappe/utils/scheduler.py:
Site: abah.com
Queued events for site abah.com
[DEBUG] 2022-06-27 10:42:12,040 | /home/abah/frappe-bench/apps/frappe/frappe/utils/scheduler.py:
Site: abah.com
Queued events for site abah.com
[DEBUG] 2022-06-27 10:43:12,365 | /home/abah/frappe-bench/apps/frappe/frappe/utils/scheduler.py:
Site: abah.com
Queued events for site abah.com
[DEBUG] 2022-06-27 10:44:12,582 | /home/abah/frappe-bench/apps/frappe/frappe/utils/scheduler.py:
Site: abah.com
Queued events for site abah.com
[DEBUG] 2022-06-27 10:45:12,840 | /home/abah/frappe-bench/apps/frappe/frappe/utils/scheduler.py:
Site: abah.com
Queued events for site abah.com
[DEBUG] 2022-06-27 10:46:13,066 | /home/abah/frappe-bench/apps/frappe/frappe/utils/scheduler.py:
Site: abah.com
Queued events for site abah.com
[DEBUG] 2022-06-27 10:47:13,397 | /home/abah/frappe-bench/apps/frappe/frappe/utils/scheduler.py:
Site: abah.com
Queued events for site abah.com
[DEBUG] 2022-06-27 10:48:13,699 | /home/abah/frappe-bench/apps/frappe/frappe/utils/scheduler.py:
Site: abah.com
Queued events for site abah.com
[DEBUG] 2022-06-27 10:49:14,066 | /home/abah/frappe-bench/apps/frappe/frappe/utils/scheduler.py:
Site: abah.com
Queued events for site abah.com
[DEBUG] 2022-06-27 10:50:14,452 | /home/abah/frappe-bench/apps/frappe/frappe/utils/scheduler.py:
Site: abah.com
Queued events for site abah.com
[DEBUG] 2022-06-27 10:51:14,750 | /home/abah/frappe-bench/apps/frappe/frappe/utils/scheduler.py:
Site: abah.com
Queued events for site abah.com
[DEBUG] 2022-06-27 10:52:15,049 | /home/abah/frappe-bench/apps/frappe/frappe/utils/scheduler.py:
Site: abah.com
Queued events for site abah.com
[DEBUG] 2022-06-27 10:53:15,277 | /home/abah/frappe-bench/apps/frappe/frappe/utils/scheduler.py:
Site: abah.com
Queued events for site abah.com
[DEBUG] 2022-06-27 10:54:15,572 | /home/abah/frappe-bench/apps/frappe/frappe/utils/scheduler.py:
Site: abah.com
Queued events for site abah.com
[DEBUG] 2022-06-27 10:55:15,877 | /home/abah/frappe-bench/apps/frappe/frappe/utils/scheduler.py:
Site: abah.com
Queued events for site abah.com
[DEBUG] 2022-06-27 10:56:16,200 | /home/abah/frappe-bench/apps/frappe/frappe/utils/scheduler.py:
Site: abah.com
Queued events for site abah.com
[DEBUG] 2022-06-27 10:57:16,701 | /home/abah/frappe-bench/apps/frappe/frappe/utils/scheduler.py:
Site: abah.com
Queued events for site abah.com
[DEBUG] 2022-06-27 10:58:16,858 | /home/abah/frappe-bench/apps/frappe/frappe/utils/scheduler.py:
Site: abah.com
Queued events for site abah.com
[DEBUG] 2022-06-27 10:59:17,086 | /home/abah/frappe-bench/apps/frappe/frappe/utils/scheduler.py:
Site: abah.com
Queued events for site abah.com
[DEBUG] 2022-06-27 11:00:17,386 | /home/abah/frappe-bench/apps/frappe/frappe/utils/scheduler.py:
Site: abah.com
Queued events for site abah.com
[DEBUG] 2022-06-27 11:01:17,610 | /home/abah/frappe-bench/apps/frappe/frappe/utils/scheduler.py:
Site: abah.com
Queued events for site abah.com
[DEBUG] 2022-06-27 11:02:17,914 | /home/abah/frappe-bench/apps/frappe/frappe/utils/scheduler.py:
Site: abah.com
Queued events for site abah.com
[DEBUG] 2022-06-27 11:03:18,366 | /home/abah/frappe-bench/apps/frappe/frappe/utils/scheduler.py:
Site: abah.com
Queued events for site abah.com
[DEBUG] 2022-06-27 11:04:18,666 | /home/abah/frappe-bench/apps/frappe/frappe/utils/scheduler.py:
Site: abah.com
Queued events for site abah.com
[DEBUG] 2022-06-27 11:05:18,842 | /home/abah/frappe-bench/apps/frappe/frappe/utils/scheduler.py:
Site: abah.com
Queued events for site abah.com
[DEBUG] 2022-06-27 11:06:19,206 | /home/abah/frappe-bench/apps/frappe/frappe/utils/scheduler.py:
Site: abah.com
Queued events for site abah.com
[DEBUG] 2022-06-27 11:07:19,451 | /home/abah/frappe-bench/apps/frappe/frappe/utils/scheduler.py:
Site: abah.com
Queued events for site abah.com
[DEBUG] 2022-06-27 11:08:19,792 | /home/abah/frappe-bench/apps/frappe/frappe/utils/scheduler.py:
Site: abah.com
Queued events for site abah.com
[DEBUG] 2022-06-27 11:09:20,205 | /home/abah/frappe-bench/apps/frappe/frappe/utils/scheduler.py:
Site: abah.com
Queued events for site abah.com
[DEBUG] 2022-06-27 11:10:20,499 | /home/abah/frappe-bench/apps/frappe/frappe/utils/scheduler.py:
Site: abah.com
Queued events for site abah.com
[DEBUG] 2022-06-27 11:11:20,600 | /home/abah/frappe-bench/apps/frappe/frappe/utils/scheduler.py:
Site: abah.com
Queued events for site abah.com
[DEBUG] 2022-06-27 11:12:20,834 | /home/abah/frappe-bench/apps/frappe/frappe/utils/scheduler.py:
Site: abah.com
Queued events for site abah.com
[DEBUG] 2022-06-27 11:13:21,120 | /home/abah/frappe-bench/apps/frappe/frappe/utils/scheduler.py:
Site: abah.com
Queued events for site abah.com
[DEBUG] 2022-06-27 11:14:21,317 | /home/abah/frappe-bench/apps/frappe/frappe/utils/scheduler.py:
Site: abah.com
Queued events for site abah.com
[DEBUG] 2022-06-27 11:15:21,587 | /home/abah/frappe-bench/apps/frappe/frappe/utils/scheduler.py:
Site: abah.com
Queued events for site abah.com
[DEBUG] 2022-06-27 11:16:21,906 | /home/abah/frappe-bench/apps/frappe/frappe/utils/scheduler.py:
Site: abah.com
Queued events for site abah.com
[DEBUG] 2022-06-27 11:17:22,166 | /home/abah/frappe-bench/apps/frappe/frappe/utils/scheduler.py:
Site: abah.com
Queued events for site abah.com
[DEBUG] 2022-06-27 11:18:22,545 | /home/abah/frappe-bench/apps/frappe/frappe/utils/scheduler.py:
Site: abah.com
Queued events for site abah.com
[DEBUG] 2022-06-27 11:19:22,727 | /home/abah/frappe-bench/apps/frappe/frappe/utils/scheduler.py:
Site: abah.com
Queued events for site abah.com
[DEBUG] 2022-06-27 11:20:22,979 | /home/abah/frappe-bench/apps/frappe/frappe/utils/scheduler.py:
Site: abah.com
Queued events for site abah.com
[DEBUG] 2022-06-27 11:21:23,371 | /home/abah/frappe-bench/apps/frappe/frappe/utils/scheduler.py:
Site: abah.com
Queued events for site abah.com
[DEBUG] 2022-06-27 11:22:23,808 | /home/abah/frappe-bench/apps/frappe/frappe/utils/scheduler.py:
Site: abah.com
Queued events for site abah.com
[DEBUG] 2022-06-27 11:23:23,978 | /home/abah/frappe-bench/apps/frappe/frappe/utils/scheduler.py:
Site: abah.com
Queued events for site abah.com
[DEBUG] 2022-06-27 11:24:24,252 | /home/abah/frappe-bench/apps/frappe/frappe/utils/scheduler.py:
Site: abah.com
Queued events for site abah.com
[DEBUG] 2022-06-27 11:25:24,466 | /home/abah/frappe-bench/apps/frappe/frappe/utils/scheduler.py:
Site: abah.com
Queued events for site abah.com
[DEBUG] 2022-06-27 11:26:24,688 | /home/abah/frappe-bench/apps/frappe/frappe/utils/scheduler.py:
Site: abah.com
Queued events for site abah.com
[DEBUG] 2022-06-27 11:27:24,898 | /home/abah/frappe-bench/apps/frappe/frappe/utils/scheduler.py:
Site: abah.com
Queued events for site abah.com
[DEBUG] 2022-06-27 11:28:25,190 | /home/abah/frappe-bench/apps/frappe/frappe/utils/scheduler.py:
Site: abah.com
Queued events for site abah.com
